mode: set
testberry/internal/adapters/cache/cache.go:16.53,24.2 1 0
testberry/internal/adapters/cache/cache.go:26.74,28.16 2 0
testberry/internal/adapters/cache/cache.go:28.16,30.3 1 0
testberry/internal/adapters/cache/cache.go:31.2,31.57 1 0
testberry/internal/adapters/cache/cache.go:34.93,36.22 2 0
testberry/internal/adapters/cache/cache.go:36.22,38.3 1 0
testberry/internal/adapters/cache/cache.go:39.2,39.16 1 0
testberry/internal/adapters/cache/cache.go:39.16,41.3 1 0
testberry/internal/adapters/cache/cache.go:42.2,43.60 2 0
testberry/internal/adapters/cache/cache.go:43.60,45.3 1 0
testberry/internal/adapters/cache/cache.go:46.2,46.25 1 0
testberry/cmd/main.go:23.13,41.16 11 0
testberry/cmd/main.go:41.16,43.3 1 0
testberry/cmd/main.go:44.2,44.15 1 0
testberry/cmd/main.go:44.15,45.36 1 0
testberry/cmd/main.go:45.36,47.4 1 0
testberry/cmd/main.go:50.2,60.16 9 0
testberry/cmd/main.go:60.16,62.3 1 0
testberry/cmd/main.go:63.2,63.15 1 0
testberry/cmd/main.go:63.15,64.42 1 0
testberry/cmd/main.go:64.42,66.4 1 0
testberry/cmd/main.go:69.2,71.16 3 0
testberry/cmd/main.go:71.16,73.3 1 0
testberry/cmd/main.go:74.2,74.15 1 0
testberry/cmd/main.go:74.15,75.42 1 0
testberry/cmd/main.go:75.42,77.4 1 0
testberry/cmd/main.go:80.2,85.12 4 0
testberry/cmd/main.go:85.12,89.47 4 0
testberry/cmd/main.go:89.47,91.4 1 0
testberry/cmd/main.go:94.2,95.12 2 0
testberry/cmd/main.go:95.12,98.44 3 0
testberry/cmd/main.go:98.44,100.4 1 0
testberry/cmd/main.go:103.2,104.12 2 0
testberry/cmd/main.go:104.12,107.48 3 0
testberry/cmd/main.go:107.48,109.4 1 0
testberry/cmd/main.go:112.2,118.6 5 0
testberry/cmd/main.go:118.6,119.10 1 0
testberry/cmd/main.go:120.19,121.55 1 0
testberry/cmd/main.go:121.55,123.5 1 0
testberry/cmd/main.go:125.25,131.10 6 0
testberry/cmd/main.go:133.21,137.10 4 0
testberry/internal/adapters/message_brok/consumer.go:14.76,14.90 1 0
testberry/internal/adapters/message_brok/consumer.go:15.76,15.90 1 0
testberry/internal/adapters/message_brok/consumer.go:17.120,18.36 1 0
testberry/internal/adapters/message_brok/consumer.go:18.36,20.17 2 0
testberry/internal/adapters/message_brok/consumer.go:20.17,22.12 2 0
testberry/internal/adapters/message_brok/consumer.go:24.3,24.31 1 0
testberry/internal/adapters/message_brok/consumer.go:26.2,26.12 1 0
testberry/internal/adapters/message_brok/consumer.go:34.78,41.16 6 0
testberry/internal/adapters/message_brok/consumer.go:41.16,43.3 1 0
testberry/internal/adapters/message_brok/consumer.go:45.2,48.8 1 0
testberry/internal/adapters/message_brok/consumer.go:51.112,54.6 2 0
testberry/internal/adapters/message_brok/consumer.go:54.6,56.17 2 0
testberry/internal/adapters/message_brok/consumer.go:56.17,59.4 2 0
testberry/internal/adapters/message_brok/consumer.go:61.3,61.23 1 0
testberry/internal/adapters/message_brok/consumer.go:61.23,63.4 1 0
testberry/internal/adapters/message_brok/consumer.go:67.34,69.2 1 0
testberry/internal/adapters/message_brok/producer.go:14.69,21.16 6 0
testberry/internal/adapters/message_brok/producer.go:21.16,23.3 1 0
testberry/internal/adapters/message_brok/producer.go:25.2,28.8 1 0
testberry/internal/adapters/message_brok/producer.go:31.34,33.2 1 0
testberry/internal/adapters/message_brok/producer.go:35.57,43.16 3 0
testberry/internal/adapters/message_brok/producer.go:43.16,45.3 1 0
testberry/internal/adapters/message_brok/producer.go:47.2,48.12 2 0
testberry/internal/adapters/postgres/connect_db.go:8.49,10.16 2 0
testberry/internal/adapters/postgres/connect_db.go:10.16,12.3 1 0
testberry/internal/adapters/postgres/connect_db.go:14.2,14.34 1 0
testberry/internal/adapters/postgres/connect_db.go:14.34,15.16 1 0
testberry/internal/adapters/postgres/connect_db.go:15.16,16.37 1 0
testberry/internal/adapters/postgres/connect_db.go:16.37,18.5 1 0
testberry/internal/adapters/postgres/connect_db.go:20.3,20.18 1 0
testberry/internal/adapters/postgres/connect_db.go:23.2,23.16 1 0
testberry/internal/adapters/postgres/repository.go:17.65,19.2 1 0
testberry/internal/adapters/postgres/repository.go:21.85,23.16 2 0
testberry/internal/adapters/postgres/repository.go:23.16,26.3 2 0
testberry/internal/adapters/postgres/repository.go:27.2,28.15 2 0
testberry/internal/adapters/postgres/repository.go:28.15,29.31 1 0
testberry/internal/adapters/postgres/repository.go:29.31,30.56 1 0
testberry/internal/adapters/postgres/repository.go:30.56,32.5 1 0
testberry/internal/adapters/postgres/repository.go:36.2,48.16 3 0
testberry/internal/adapters/postgres/repository.go:48.16,51.3 2 0
testberry/internal/adapters/postgres/repository.go:53.2,68.16 3 0
testberry/internal/adapters/postgres/repository.go:68.16,71.3 2 0
testberry/internal/adapters/postgres/repository.go:73.2,90.16 2 0
testberry/internal/adapters/postgres/repository.go:90.16,93.3 2 0
testberry/internal/adapters/postgres/repository.go:95.2,95.35 1 0
testberry/internal/adapters/postgres/repository.go:95.35,112.17 2 0
testberry/internal/adapters/postgres/repository.go:112.17,115.4 2 0
testberry/internal/adapters/postgres/repository.go:117.2,117.35 1 0
testberry/internal/adapters/postgres/repository.go:117.35,120.3 2 0
testberry/internal/adapters/postgres/repository.go:121.2,124.12 3 0
testberry/internal/adapters/postgres/repository.go:127.101,171.16 4 0
testberry/internal/adapters/postgres/repository.go:171.16,173.3 1 0
testberry/internal/adapters/postgres/repository.go:175.2,181.16 3 0
testberry/internal/adapters/postgres/repository.go:181.16,183.3 1 0
testberry/internal/adapters/postgres/repository.go:185.2,185.15 1 0
testberry/internal/adapters/postgres/repository.go:185.15,186.38 1 0
testberry/internal/adapters/postgres/repository.go:186.38,188.4 1 0
testberry/internal/adapters/postgres/repository.go:190.2,190.18 1 0
testberry/internal/adapters/postgres/repository.go:190.18,204.17 2 0
testberry/internal/adapters/postgres/repository.go:204.17,206.4 1 0
testberry/internal/adapters/postgres/repository.go:207.3,207.42 1 0
testberry/internal/adapters/postgres/repository.go:209.2,209.19 1 0
testberry/internal/adapters/postgres/repository.go:212.86,223.16 2 0
testberry/internal/adapters/postgres/repository.go:223.16,225.3 1 0
testberry/internal/adapters/postgres/repository.go:227.2,227.15 1 0
testberry/internal/adapters/postgres/repository.go:227.15,228.38 1 0
testberry/internal/adapters/postgres/repository.go:228.38,230.4 1 0
testberry/internal/adapters/postgres/repository.go:233.2,235.18 2 0
testberry/internal/adapters/postgres/repository.go:235.18,249.17 7 0
testberry/internal/adapters/postgres/repository.go:249.17,251.4 1 0
testberry/internal/adapters/postgres/repository.go:253.3,261.17 5 0
testberry/internal/adapters/postgres/repository.go:261.17,263.4 1 0
testberry/internal/adapters/postgres/repository.go:265.3,266.23 2 0
testberry/internal/adapters/postgres/repository.go:266.23,270.18 3 0
testberry/internal/adapters/postgres/repository.go:270.18,271.18 1 0
testberry/internal/adapters/postgres/repository.go:271.18,272.45 1 0
testberry/internal/adapters/postgres/repository.go:272.45,274.7 1 0
testberry/internal/adapters/postgres/repository.go:276.5,276.20 1 0
testberry/internal/adapters/postgres/repository.go:278.4,278.29 1 0
testberry/internal/adapters/postgres/repository.go:281.3,281.16 1 0
testberry/internal/adapters/postgres/repository.go:281.16,282.43 1 0
testberry/internal/adapters/postgres/repository.go:282.43,284.5 1 0
testberry/internal/adapters/postgres/repository.go:287.3,289.29 2 0
testberry/internal/adapters/postgres/repository.go:292.2,292.20 1 0
testberry/pkg/generator/order_generator.go:12.45,14.19 2 0
testberry/pkg/generator/order_generator.go:14.19,16.3 1 0
testberry/pkg/generator/order_generator.go:17.2,17.18 1 0
testberry/pkg/generator/order_generator.go:20.57,75.2 4 0
testberry/pkg/handle_message/handle_message.go:8.64,10.52 2 0
testberry/pkg/handle_message/handle_message.go:10.52,12.3 1 0
testberry/pkg/handle_message/handle_message.go:14.2,14.12 1 0
testberry/pkg/test/mocks.go:15.103,18.2 2 0
testberry/pkg/test/mocks.go:20.65,23.2 2 0
testberry/pkg/test/mocks.go:25.71,28.2 2 0
testberry/pkg/test/mocks.go:30.61,33.2 2 0
testberry/pkg/test/mocks.go:39.100,42.2 2 0
testberry/pkg/test/mocks.go:44.90,47.2 2 0
testberry/pkg/test/mocks.go:49.89,52.2 2 0
testberry/pkg/test/mocks.go:58.92,61.2 2 0
testberry/pkg/test/mocks.go:63.74,66.2 2 0
testberry/pkg/test/mocks.go:70.71,70.72 0 0
testberry/pkg/test/mocks.go:71.71,71.72 0 0
testberry/pkg/test/mocks.go:72.71,72.72 0 0
testberry/pkg/test/mocks.go:73.71,73.72 0 0
testberry/pkg/logger/logger.go:13.36,19.2 3 0
testberry/pkg/logger/logger.go:21.61,23.2 1 0
testberry/pkg/logger/logger.go:25.62,27.2 1 0
testberry/pkg/logger/logger.go:29.61,31.2 1 0
testberry/pkg/logger/logger.go:33.62,35.2 1 0
testberry/internal/adapters/http/handlers.go:15.75,17.2 1 1
testberry/internal/adapters/http/handlers.go:19.68,23.20 4 1
testberry/internal/adapters/http/handlers.go:23.20,26.3 2 1
testberry/internal/adapters/http/handlers.go:27.2,27.25 1 1
testberry/internal/adapters/http/handlers.go:27.25,30.3 2 1
testberry/internal/adapters/http/handlers.go:32.2,33.16 2 1
testberry/internal/adapters/http/handlers.go:33.16,36.3 2 1
testberry/internal/adapters/http/handlers.go:38.2,38.57 1 1
testberry/internal/adapters/http/handlers.go:38.57,42.3 3 0
testberry/internal/adapters/http/server.go:17.86,23.2 1 0
testberry/internal/adapters/http/server.go:25.55,26.18 1 0
testberry/internal/adapters/http/server.go:26.18,29.3 2 0
testberry/internal/adapters/http/server.go:30.2,33.67 4 0
testberry/internal/adapters/http/server.go:33.67,35.3 1 0
testberry/internal/adapters/http/server.go:36.2,41.12 2 0
testberry/internal/adapters/http/server.go:41.12,42.80 1 0
testberry/internal/adapters/http/server.go:42.80,44.4 1 0
testberry/internal/adapters/http/server.go:46.2,47.29 2 0
testberry/pkg/test/mocks.go:15.103,18.2 2 1
testberry/pkg/test/mocks.go:20.65,23.2 2 0
testberry/pkg/test/mocks.go:25.71,28.2 2 0
testberry/pkg/test/mocks.go:30.61,33.2 2 0
testberry/pkg/test/mocks.go:39.100,42.2 2 0
testberry/pkg/test/mocks.go:44.90,47.2 2 0
testberry/pkg/test/mocks.go:49.89,52.2 2 0
testberry/pkg/test/mocks.go:58.92,61.2 2 0
testberry/pkg/test/mocks.go:63.74,66.2 2 0
testberry/pkg/test/mocks.go:70.71,70.72 0 0
testberry/pkg/test/mocks.go:71.71,71.72 0 0
testberry/pkg/test/mocks.go:72.71,72.72 0 0
testberry/pkg/test/mocks.go:73.71,73.72 0 0
testberry/internal/adapters/cache/cache.go:16.53,24.2 1 0
testberry/internal/adapters/cache/cache.go:26.74,28.16 2 0
testberry/internal/adapters/cache/cache.go:28.16,30.3 1 0
testberry/internal/adapters/cache/cache.go:31.2,31.57 1 0
testberry/internal/adapters/cache/cache.go:34.93,36.22 2 0
testberry/internal/adapters/cache/cache.go:36.22,38.3 1 0
testberry/internal/adapters/cache/cache.go:39.2,39.16 1 0
testberry/internal/adapters/cache/cache.go:39.16,41.3 1 0
testberry/internal/adapters/cache/cache.go:42.2,43.60 2 0
testberry/internal/adapters/cache/cache.go:43.60,45.3 1 0
testberry/internal/adapters/cache/cache.go:46.2,46.25 1 0
testberry/internal/adapters/message_brok/consumer.go:14.76,14.90 1 0
testberry/internal/adapters/message_brok/consumer.go:15.76,15.90 1 0
testberry/internal/adapters/message_brok/consumer.go:17.120,18.36 1 0
testberry/internal/adapters/message_brok/consumer.go:18.36,20.17 2 0
testberry/internal/adapters/message_brok/consumer.go:20.17,22.12 2 0
testberry/internal/adapters/message_brok/consumer.go:24.3,24.31 1 0
testberry/internal/adapters/message_brok/consumer.go:26.2,26.12 1 0
testberry/internal/adapters/message_brok/consumer.go:34.78,41.16 6 0
testberry/internal/adapters/message_brok/consumer.go:41.16,43.3 1 0
testberry/internal/adapters/message_brok/consumer.go:45.2,48.8 1 0
testberry/internal/adapters/message_brok/consumer.go:51.112,54.6 2 0
testberry/internal/adapters/message_brok/consumer.go:54.6,56.17 2 0
testberry/internal/adapters/message_brok/consumer.go:56.17,59.4 2 0
testberry/internal/adapters/message_brok/consumer.go:61.3,61.23 1 0
testberry/internal/adapters/message_brok/consumer.go:61.23,63.4 1 0
testberry/internal/adapters/message_brok/consumer.go:67.34,69.2 1 0
testberry/internal/adapters/message_brok/producer.go:14.69,21.16 6 0
testberry/internal/adapters/message_brok/producer.go:21.16,23.3 1 0
testberry/internal/adapters/message_brok/producer.go:25.2,28.8 1 0
testberry/internal/adapters/message_brok/producer.go:31.34,33.2 1 0
testberry/internal/adapters/message_brok/producer.go:35.57,43.16 3 0
testberry/internal/adapters/message_brok/producer.go:43.16,45.3 1 0
testberry/internal/adapters/message_brok/producer.go:47.2,48.12 2 0
testberry/internal/adapters/postgres/connect_db.go:8.49,10.16 2 0
testberry/internal/adapters/postgres/connect_db.go:10.16,12.3 1 0
testberry/internal/adapters/postgres/connect_db.go:14.2,14.34 1 0
testberry/internal/adapters/postgres/connect_db.go:14.34,15.16 1 0
testberry/internal/adapters/postgres/connect_db.go:15.16,16.37 1 0
testberry/internal/adapters/postgres/connect_db.go:16.37,18.5 1 0
testberry/internal/adapters/postgres/connect_db.go:20.3,20.18 1 0
testberry/internal/adapters/postgres/connect_db.go:23.2,23.16 1 0
testberry/internal/adapters/postgres/repository.go:17.65,19.2 1 0
testberry/internal/adapters/postgres/repository.go:21.85,23.16 2 0
testberry/internal/adapters/postgres/repository.go:23.16,26.3 2 0
testberry/internal/adapters/postgres/repository.go:27.2,28.15 2 0
testberry/internal/adapters/postgres/repository.go:28.15,29.31 1 0
testberry/internal/adapters/postgres/repository.go:29.31,30.56 1 0
testberry/internal/adapters/postgres/repository.go:30.56,32.5 1 0
testberry/internal/adapters/postgres/repository.go:36.2,48.16 3 0
testberry/internal/adapters/postgres/repository.go:48.16,51.3 2 0
testberry/internal/adapters/postgres/repository.go:53.2,68.16 3 0
testberry/internal/adapters/postgres/repository.go:68.16,71.3 2 0
testberry/internal/adapters/postgres/repository.go:73.2,90.16 2 0
testberry/internal/adapters/postgres/repository.go:90.16,93.3 2 0
testberry/internal/adapters/postgres/repository.go:95.2,95.35 1 0
testberry/internal/adapters/postgres/repository.go:95.35,112.17 2 0
testberry/internal/adapters/postgres/repository.go:112.17,115.4 2 0
testberry/internal/adapters/postgres/repository.go:117.2,117.35 1 0
testberry/internal/adapters/postgres/repository.go:117.35,120.3 2 0
testberry/internal/adapters/postgres/repository.go:121.2,124.12 3 0
testberry/internal/adapters/postgres/repository.go:127.101,171.16 4 0
testberry/internal/adapters/postgres/repository.go:171.16,173.3 1 0
testberry/internal/adapters/postgres/repository.go:175.2,181.16 3 0
testberry/internal/adapters/postgres/repository.go:181.16,183.3 1 0
testberry/internal/adapters/postgres/repository.go:185.2,185.15 1 0
testberry/internal/adapters/postgres/repository.go:185.15,186.38 1 0
testberry/internal/adapters/postgres/repository.go:186.38,188.4 1 0
testberry/internal/adapters/postgres/repository.go:190.2,190.18 1 0
testberry/internal/adapters/postgres/repository.go:190.18,204.17 2 0
testberry/internal/adapters/postgres/repository.go:204.17,206.4 1 0
testberry/internal/adapters/postgres/repository.go:207.3,207.42 1 0
testberry/internal/adapters/postgres/repository.go:209.2,209.19 1 0
testberry/internal/adapters/postgres/repository.go:212.86,223.16 2 0
testberry/internal/adapters/postgres/repository.go:223.16,225.3 1 0
testberry/internal/adapters/postgres/repository.go:227.2,227.15 1 0
testberry/internal/adapters/postgres/repository.go:227.15,228.38 1 0
testberry/internal/adapters/postgres/repository.go:228.38,230.4 1 0
testberry/internal/adapters/postgres/repository.go:233.2,235.18 2 0
testberry/internal/adapters/postgres/repository.go:235.18,249.17 7 0
testberry/internal/adapters/postgres/repository.go:249.17,251.4 1 0
testberry/internal/adapters/postgres/repository.go:253.3,261.17 5 0
testberry/internal/adapters/postgres/repository.go:261.17,263.4 1 0
testberry/internal/adapters/postgres/repository.go:265.3,266.23 2 0
testberry/internal/adapters/postgres/repository.go:266.23,270.18 3 0
testberry/internal/adapters/postgres/repository.go:270.18,271.18 1 0
testberry/internal/adapters/postgres/repository.go:271.18,272.45 1 0
testberry/internal/adapters/postgres/repository.go:272.45,274.7 1 0
testberry/internal/adapters/postgres/repository.go:276.5,276.20 1 0
testberry/internal/adapters/postgres/repository.go:278.4,278.29 1 0
testberry/internal/adapters/postgres/repository.go:281.3,281.16 1 0
testberry/internal/adapters/postgres/repository.go:281.16,282.43 1 0
testberry/internal/adapters/postgres/repository.go:282.43,284.5 1 0
testberry/internal/adapters/postgres/repository.go:287.3,289.29 2 0
testberry/internal/adapters/postgres/repository.go:292.2,292.20 1 0
testberry/internal/domain/service/service_impl.go:27.158,36.2 1 0
testberry/internal/domain/service/service_impl.go:38.94,41.16 3 1
testberry/internal/domain/service/service_impl.go:41.16,43.3 1 1
testberry/internal/domain/service/service_impl.go:44.2,44.12 1 1
testberry/internal/domain/service/service_impl.go:44.12,46.3 1 1
testberry/internal/domain/service/service_impl.go:47.2,48.16 2 1
testberry/internal/domain/service/service_impl.go:48.16,51.3 2 0
testberry/internal/domain/service/service_impl.go:52.2,53.16 2 1
testberry/internal/domain/service/service_impl.go:53.16,56.3 2 1
testberry/internal/domain/service/service_impl.go:58.2,58.19 1 1
testberry/internal/domain/service/service_impl.go:61.56,62.68 1 0
testberry/internal/domain/service/service_impl.go:62.68,64.57 2 0
testberry/internal/domain/service/service_impl.go:64.57,67.4 2 0
testberry/internal/domain/service/service_impl.go:69.3,69.51 1 0
testberry/internal/domain/service/service_impl.go:69.51,72.4 2 0
testberry/internal/domain/service/service_impl.go:73.3,73.54 1 0
testberry/internal/domain/service/service_impl.go:73.54,76.4 2 0
testberry/internal/domain/service/service_impl.go:77.3,77.49 1 0
testberry/internal/domain/service/service_impl.go:77.49,79.4 1 0
testberry/internal/domain/service/service_impl.go:81.3,82.13 2 0
testberry/internal/domain/service/service_impl.go:85.2,85.48 1 0
testberry/internal/domain/service/service_impl.go:88.62,91.16 3 0
testberry/internal/domain/service/service_impl.go:91.16,94.3 2 0
testberry/internal/domain/service/service_impl.go:95.2,95.67 1 0
testberry/internal/domain/service/service_impl.go:95.67,98.3 2 0
testberry/internal/domain/service/service_impl.go:100.2,101.12 2 0
testberry/internal/domain/service/service_impl.go:104.60,106.2 1 0
testberry/internal/domain/service/service_impl.go:108.52,110.16 2 0
testberry/internal/domain/service/service_impl.go:110.16,112.3 1 0
testberry/internal/domain/service/service_impl.go:114.2,114.31 1 0
testberry/internal/domain/service/service_impl.go:114.31,115.49 1 0
testberry/internal/domain/service/service_impl.go:115.49,117.4 1 0
testberry/internal/domain/service/service_impl.go:120.2,121.12 2 0
testberry/pkg/generator/order_generator.go:12.45,14.19 2 0
testberry/pkg/generator/order_generator.go:14.19,16.3 1 0
testberry/pkg/generator/order_generator.go:17.2,17.18 1 0
testberry/pkg/generator/order_generator.go:20.57,75.2 4 0
testberry/pkg/test/mocks.go:15.103,18.2 2 0
testberry/pkg/test/mocks.go:20.65,23.2 2 0
testberry/pkg/test/mocks.go:25.71,28.2 2 0
testberry/pkg/test/mocks.go:30.61,33.2 2 0
testberry/pkg/test/mocks.go:39.100,42.2 2 1
testberry/pkg/test/mocks.go:44.90,47.2 2 0
testberry/pkg/test/mocks.go:49.89,52.2 2 0
testberry/pkg/test/mocks.go:58.92,61.2 2 1
testberry/pkg/test/mocks.go:63.74,66.2 2 1
testberry/pkg/test/mocks.go:70.71,70.72 0 1
testberry/pkg/test/mocks.go:71.71,71.72 0 1
testberry/pkg/test/mocks.go:72.71,72.72 0 0
testberry/pkg/test/mocks.go:73.71,73.72 0 0
testberry/pkg/config/config.go:38.27,63.2 20 1
testberry/pkg/config/config.go:65.32,67.17 2 1
testberry/pkg/config/config.go:67.17,69.3 1 1
testberry/pkg/config/config.go:70.2,70.14 1 1
testberry/pkg/config/config.go:73.55,75.17 2 1
testberry/pkg/config/config.go:75.17,78.3 2 1
testberry/pkg/config/config.go:79.2,79.14 1 1
testberry/pkg/config/config.go:82.47,84.18 2 1
testberry/pkg/config/config.go:84.18,87.3 2 1
testberry/pkg/config/config.go:88.2,89.16 2 1
testberry/pkg/config/config.go:89.16,92.3 2 1
testberry/pkg/config/config.go:93.2,93.12 1 1
testberry/pkg/config/config.go:96.54,98.18 2 1
testberry/pkg/config/config.go:98.18,101.3 2 1
testberry/pkg/config/config.go:102.2,103.16 2 1
testberry/pkg/config/config.go:103.16,106.3 2 1
testberry/pkg/config/config.go:107.2,107.12 1 1
testberry/pkg/config/config.go:110.76,112.18 2 1
testberry/pkg/config/config.go:112.18,115.3 2 1
testberry/pkg/config/config.go:116.2,117.16 2 1
testberry/pkg/config/config.go:117.16,120.3 2 1
testberry/pkg/config/config.go:121.2,121.12 1 1
testberry/pkg/config/config.go:124.69,126.18 2 1
testberry/pkg/config/config.go:126.18,129.3 2 1
testberry/pkg/config/config.go:131.2,133.29 3 1
testberry/pkg/config/config.go:133.29,135.20 2 1
testberry/pkg/config/config.go:135.20,137.4 1 1
testberry/pkg/config/config.go:140.2,140.22 1 1
testberry/pkg/config/config.go:140.22,143.3 2 0
testberry/pkg/config/config.go:145.2,145.15 1 1
